<?xml version="1.0" encoding="UTF-8"?>
<!-- Generated by org.testng.reporters.JUnitReportReporter -->
<testsuite hostname="DESKTOP-DI3NTLA" failures="0" tests="1" name="verifyingLMSdata.Assignment1stnov" time="3.833" errors="0" timestamp="2023-09-09T17:13:28 PDT" skipped="0">
  <testcase classname="verifyingLMSdata.Assignment1stnov" name="Currency1" time="3.833"/>
  <system-out/>
</testsuite> <!-- verifyingLMSdata.Assignment1stnov -->
